<?xml version="1.0" encoding="UTF-8" ?>
<testsuite failures="0" time="0.931" errors="1" skipped="0" tests="1" name="de.zib.scalaris.datanucleus.store.test.TestPersistenceForExcel">
  <properties>
    <property name="java.runtime.name" value="OpenJDK Runtime Environment"/>
    <property name="sun.boot.library.path" value="/usr/lib/jvm/java-1.7.0-openjdk-1.7.0/jre/lib/i386"/>
    <property name="java.vm.version" value="24.55-b03"/>
    <property name="java.vm.vendor" value="Oracle Corporation"/>
    <property name="java.vendor.url" value="http://java.oracle.com/"/>
    <property name="path.separator" value=":"/>
    <property name="guice.disable.misplaced.annotation.check" value="true"/>
    <property name="java.vm.name" value="OpenJDK Server VM"/>
    <property name="file.encoding.pkg" value="sun.io"/>
    <property name="user.country" value="US"/>
    <property name="sun.java.launcher" value="SUN_STANDARD"/>
    <property name="sun.os.patch.level" value="unknown"/>
    <property name="java.vm.specification.name" value="Java Virtual Machine Specification"/>
    <property name="user.dir" value="/home/jan/Downloads/datanucleus-samples-jdo-tutorial-4.0"/>
    <property name="java.runtime.version" value="1.7.0_55-b14"/>
    <property name="java.awt.graphicsenv" value="sun.awt.X11GraphicsEnvironment"/>
    <property name="java.endorsed.dirs" value="/usr/lib/jvm/java-1.7.0-openjdk-1.7.0/jre/lib/endorsed"/>
    <property name="os.arch" value="i386"/>
    <property name="java.io.tmpdir" value="/tmp"/>
    <property name="line.separator" value="
"/>
    <property name="java.vm.specification.vendor" value="Oracle Corporation"/>
    <property name="os.name" value="Linux"/>
    <property name="classworlds.conf" value="/home/jan/local/eclipse/workspace/.metadata/.plugins/org.eclipse.m2e.launching/launches/m2conf3603269861658470748.tmp"/>
    <property name="sun.jnu.encoding" value="UTF-8"/>
    <property name="java.library.path" value="/usr/lib/jvm/java-1.7.0-openjdk-1.7.0/jre/lib/i386/server:/usr/lib/jvm/java-1.7.0-openjdk-1.7.0/jre/lib/i386:/usr/lib/jvm/java-1.7.0-openjdk-1.7.0/jre/../lib/i386:/usr/lib/jvm/java-1.7.0-openjdk-1.7.0/jre/lib/i386/client:/usr/lib/jvm/java-1.7.0-openjdk-1.7.0/jre/lib/i386:/usr/lib/mpi/gcc/openmpi/lib:/usr/java/packages/lib/i386:/lib:/usr/lib"/>
    <property name="java.specification.name" value="Java Platform API Specification"/>
    <property name="java.class.version" value="51.0"/>
    <property name="sun.management.compiler" value="HotSpot Tiered Compilers"/>
    <property name="os.version" value="3.11.10-29-desktop"/>
    <property name="user.home" value="/home/jan"/>
    <property name="user.timezone" value="Europe/Berlin"/>
    <property name="java.awt.printerjob" value="sun.print.PSPrinterJob"/>
    <property name="file.encoding" value="UTF-8"/>
    <property name="java.specification.version" value="1.7"/>
    <property name="user.name" value="jan"/>
    <property name="java.class.path" value="/home/jan/local/eclipse/plugins/org.eclipse.m2e.maven.runtime_1.5.2.20150413-2214/jars/plexus-classworlds-2.5.1.jar"/>
    <property name="org.slf4j.simpleLogger.defaultLogLevel" value="info"/>
    <property name="java.vm.specification.version" value="1.7"/>
    <property name="sun.arch.data.model" value="32"/>
    <property name="java.home" value="/usr/lib/jvm/java-1.7.0-openjdk-1.7.0/jre"/>
    <property name="sun.java.command" value="org.codehaus.plexus.classworlds.launcher.Launcher -B test"/>
    <property name="java.specification.vendor" value="Oracle Corporation"/>
    <property name="user.language" value="en"/>
    <property name="awt.toolkit" value="sun.awt.X11.XToolkit"/>
    <property name="java.vm.info" value="mixed mode"/>
    <property name="java.version" value="1.7.0_55"/>
    <property name="java.ext.dirs" value="/usr/lib/jvm/java-1.7.0-openjdk-1.7.0/jre/lib/ext:/usr/java/packages/lib/ext"/>
    <property name="securerandom.source" value="file:/dev/./urandom"/>
    <property name="sun.boot.class.path" value="/usr/lib/jvm/java-1.7.0-openjdk-1.7.0/jre/lib/resources.jar:/usr/lib/jvm/java-1.7.0-openjdk-1.7.0/jre/lib/rt.jar:/usr/lib/jvm/java-1.7.0-openjdk-1.7.0/jre/lib/sunrsasign.jar:/usr/lib/jvm/java-1.7.0-openjdk-1.7.0/jre/lib/jsse.jar:/usr/lib/jvm/java-1.7.0-openjdk-1.7.0/jre/lib/jce.jar:/usr/lib/jvm/java-1.7.0-openjdk-1.7.0/jre/lib/charsets.jar:/usr/lib/jvm/java-1.7.0-openjdk-1.7.0/jre/lib/netx.jar:/usr/lib/jvm/java-1.7.0-openjdk-1.7.0/jre/lib/plugin.jar:/usr/lib/jvm/java-1.7.0-openjdk-1.7.0/jre/lib/rhino.jar:/usr/lib/jvm/java-1.7.0-openjdk-1.7.0/jre/lib/jfr.jar:/usr/lib/jvm/java-1.7.0-openjdk-1.7.0/jre/classes"/>
    <property name="java.vendor" value="Oracle Corporation"/>
    <property name="maven.home" value="/home/jan/Downloads/datanucleus-samples-jdo-tutorial-4.0/EMBEDDED"/>
    <property name="file.separator" value="/"/>
    <property name="java.vendor.url.bug" value="http://bugreport.sun.com/bugreport/"/>
    <property name="sun.cpu.endian" value="little"/>
    <property name="sun.io.unicode.encoding" value="UnicodeLittle"/>
    <property name="sun.cpu.isalist" value=""/>
  </properties>
  <testcase time="0.931" classname="de.zib.scalaris.datanucleus.store.test.TestPersistenceForExcel" name="test_01_Excel_save">
    <error message="An error occured while creating scalaris connection" type="javax.jdo.JDODataStoreException">javax.jdo.JDODataStoreException: An error occured while creating scalaris connection
	at org.datanucleus.api.jdo.NucleusJDOHelper.getJDOExceptionForNucleusException(NucleusJDOHelper.java:546)
	at org.datanucleus.api.jdo.JDOPersistenceManager.jdoMakePersistent(JDOPersistenceManager.java:725)
	at org.datanucleus.api.jdo.JDOPersistenceManager.makePersistent(JDOPersistenceManager.java:745)
	at de.zib.scalaris.datanucleus.store.test.TestPersistenceForExcel.test_01_Excel_save(TestPersistenceForExcel.java:24)
	at sun.reflect.NativeMethodAccessorImpl.invoke0(Native Method)
	at sun.reflect.NativeMethodAccessorImpl.invoke(NativeMethodAccessorImpl.java:57)
	at sun.reflect.DelegatingMethodAccessorImpl.invoke(DelegatingMethodAccessorImpl.java:43)
	at java.lang.reflect.Method.invoke(Method.java:606)
	at junit.framework.TestCase.runTest(TestCase.java:176)
	at junit.framework.TestCase.runBare(TestCase.java:141)
	at junit.framework.TestResult$1.protect(TestResult.java:122)
	at junit.framework.TestResult.runProtected(TestResult.java:142)
	at junit.framework.TestResult.run(TestResult.java:125)
	at junit.framework.TestCase.run(TestCase.java:129)
	at junit.framework.TestSuite.runTest(TestSuite.java:252)
	at junit.framework.TestSuite.run(TestSuite.java:247)
	at org.junit.internal.runners.JUnit38ClassRunner.run(JUnit38ClassRunner.java:86)
	at org.apache.maven.surefire.junit4.JUnit4Provider.execute(JUnit4Provider.java:252)
	at org.apache.maven.surefire.junit4.JUnit4Provider.executeTestSet(JUnit4Provider.java:141)
	at org.apache.maven.surefire.junit4.JUnit4Provider.invoke(JUnit4Provider.java:112)
	at sun.reflect.NativeMethodAccessorImpl.invoke0(Native Method)
	at sun.reflect.NativeMethodAccessorImpl.invoke(NativeMethodAccessorImpl.java:57)
	at sun.reflect.DelegatingMethodAccessorImpl.invoke(DelegatingMethodAccessorImpl.java:43)
	at java.lang.reflect.Method.invoke(Method.java:606)
	at org.apache.maven.surefire.util.ReflectionUtils.invokeMethodWithArray(ReflectionUtils.java:189)
	at org.apache.maven.surefire.booter.ProviderFactory$ProviderProxy.invoke(ProviderFactory.java:165)
	at org.apache.maven.surefire.booter.ProviderFactory.invokeProvider(ProviderFactory.java:85)
	at org.apache.maven.surefire.booter.ForkedBooter.runSuitesInProcess(ForkedBooter.java:115)
	at org.apache.maven.surefire.booter.ForkedBooter.main(ForkedBooter.java:75)
NestedThrowablesStackTrace:
de.zib.scalaris.ConnectionException: Cannot connect to peer node, bad nodes: [node1@127.0.53.53], good nodes: [], retries: 3
	at com.ericsson.otp.erlang.AbstractConnection.doConnect(AbstractConnection.java:995)
	at com.ericsson.otp.erlang.AbstractConnection.&lt;init&gt;(AbstractConnection.java:204)
	at com.ericsson.otp.erlang.OtpConnection.&lt;init&gt;(OtpConnection.java:86)
	at com.ericsson.otp.erlang.OtpSelf.connect(OtpSelf.java:219)
	at de.zib.scalaris.Connection.connect(Connection.java:130)
	at de.zib.scalaris.Connection.&lt;init&gt;(Connection.java:107)
	at de.zib.scalaris.ConnectionFactory.createConnection(ConnectionFactory.java:264)
	at de.zib.scalaris.ConnectionFactory.createConnection(ConnectionFactory.java:292)
	at de.zib.scalaris.ConnectionFactory.createConnection(ConnectionFactory.java:313)
	at de.zib.scalaris.ConnectionFactory.createConnection(ConnectionFactory.java:350)
	at org.datanucleus.store.scalaris.ConnectionFactoryImpl$ManagedConnectionImpl.getConnection(ConnectionFactoryImpl.java:204)
	at org.datanucleus.store.scalaris.ScalarisPersistenceHandler.insertObject(ScalarisPersistenceHandler.java:109)
	at org.datanucleus.state.StateManagerImpl.internalMakePersistent(StateManagerImpl.java:3448)
	at org.datanucleus.state.StateManagerImpl.makePersistent(StateManagerImpl.java:3424)
	at org.datanucleus.ExecutionContextImpl.persistObjectInternal(ExecutionContextImpl.java:2000)
	at org.datanucleus.ExecutionContextImpl.persistObjectWork(ExecutionContextImpl.java:1843)
	at org.datanucleus.ExecutionContextImpl.persistObject(ExecutionContextImpl.java:1698)
	at org.datanucleus.api.jdo.JDOPersistenceManager.jdoMakePersistent(JDOPersistenceManager.java:720)
	at org.datanucleus.api.jdo.JDOPersistenceManager.makePersistent(JDOPersistenceManager.java:745)
	at de.zib.scalaris.datanucleus.store.test.TestPersistenceForExcel.test_01_Excel_save(TestPersistenceForExcel.java:24)
	at sun.reflect.NativeMethodAccessorImpl.invoke0(Native Method)
	at sun.reflect.NativeMethodAccessorImpl.invoke(NativeMethodAccessorImpl.java:57)
	at sun.reflect.DelegatingMethodAccessorImpl.invoke(DelegatingMethodAccessorImpl.java:43)
	at java.lang.reflect.Method.invoke(Method.java:606)
	at junit.framework.TestCase.runTest(TestCase.java:176)
	at junit.framework.TestCase.runBare(TestCase.java:141)
	at junit.framework.TestResult$1.protect(TestResult.java:122)
	at junit.framework.TestResult.runProtected(TestResult.java:142)
	at junit.framework.TestResult.run(TestResult.java:125)
	at junit.framework.TestCase.run(TestCase.java:129)
	at junit.framework.TestSuite.runTest(TestSuite.java:252)
	at junit.framework.TestSuite.run(TestSuite.java:247)
	at org.junit.internal.runners.JUnit38ClassRunner.run(JUnit38ClassRunner.java:86)
	at org.apache.maven.surefire.junit4.JUnit4Provider.execute(JUnit4Provider.java:252)
	at org.apache.maven.surefire.junit4.JUnit4Provider.executeTestSet(JUnit4Provider.java:141)
	at org.apache.maven.surefire.junit4.JUnit4Provider.invoke(JUnit4Provider.java:112)
	at sun.reflect.NativeMethodAccessorImpl.invoke0(Native Method)
	at sun.reflect.NativeMethodAccessorImpl.invoke(NativeMethodAccessorImpl.java:57)
	at sun.reflect.DelegatingMethodAccessorImpl.invoke(DelegatingMethodAccessorImpl.java:43)
	at java.lang.reflect.Method.invoke(Method.java:606)
	at org.apache.maven.surefire.util.ReflectionUtils.invokeMethodWithArray(ReflectionUtils.java:189)
	at org.apache.maven.surefire.booter.ProviderFactory$ProviderProxy.invoke(ProviderFactory.java:165)
	at org.apache.maven.surefire.booter.ProviderFactory.invokeProvider(ProviderFactory.java:85)
	at org.apache.maven.surefire.booter.ForkedBooter.runSuitesInProcess(ForkedBooter.java:115)
	at org.apache.maven.surefire.booter.ForkedBooter.main(ForkedBooter.java:75)
</error>
    <system-out>INSERT
I am the first for java_client_datatnucleus
</system-out>
  </testcase>
</testsuite>